mode: set
github.com/PradeepPadmanabanC/golang_learning/learn_testing/main.go:8.13,10.16 2 0
github.com/PradeepPadmanabanC/golang_learning/learn_testing/main.go:10.16,13.3 2 0
github.com/PradeepPadmanabanC/golang_learning/learn_testing/main.go:15.2,15.50 1 0
github.com/PradeepPadmanabanC/golang_learning/learn_testing/main.go:19.44,22.12 2 1
github.com/PradeepPadmanabanC/golang_learning/learn_testing/main.go:22.12,24.3 1 1
github.com/PradeepPadmanabanC/golang_learning/learn_testing/main.go:25.2,26.20 2 1
